TN:
SF:src\controllers\AnswerController.js
FN:12,(anonymous_0)
FN:27,(anonymous_1)
FN:37,(anonymous_2)
FN:66,(anonymous_3)
FN:94,(anonymous_4)
FN:122,(anonymous_5)
FN:140,(anonymous_6)
FN:148,(anonymous_7)
FN:167,(anonymous_8)
FN:178,(anonymous_9)
FN:180,(anonymous_10)
FN:182,(anonymous_11)
FN:195,(anonymous_12)
FN:203,(anonymous_13)
FN:223,(anonymous_14)
FN:251,(anonymous_15)
FNF:16
FNH:0
FNDA:0,(anonymous_0)
FNDA:0,(anonymous_1)
FNDA:0,(anonymous_2)
FNDA:0,(anonymous_3)
FNDA:0,(anonymous_4)
FNDA:0,(anonymous_5)
FNDA:0,(anonymous_6)
FNDA:0,(anonymous_7)
FNDA:0,(anonymous_8)
FNDA:0,(anonymous_9)
FNDA:0,(anonymous_10)
FNDA:0,(anonymous_11)
FNDA:0,(anonymous_12)
FNDA:0,(anonymous_13)
FNDA:0,(anonymous_14)
FNDA:0,(anonymous_15)
DA:8,0
DA:9,0
DA:13,0
DA:14,0
DA:15,0
DA:18,0
DA:23,0
DA:26,0
DA:27,0
DA:29,0
DA:30,0
DA:34,0
DA:37,0
DA:48,0
DA:58,0
DA:59,0
DA:67,0
DA:68,0
DA:69,0
DA:71,0
DA:72,0
DA:78,0
DA:80,0
DA:86,0
DA:87,0
DA:95,0
DA:96,0
DA:97,0
DA:99,0
DA:100,0
DA:106,0
DA:108,0
DA:114,0
DA:115,0
DA:123,0
DA:124,0
DA:125,0
DA:127,0
DA:132,0
DA:133,0
DA:141,0
DA:142,0
DA:143,0
DA:144,0
DA:146,0
DA:148,0
DA:159,0
DA:160,0
DA:168,0
DA:169,0
DA:170,0
DA:173,0
DA:179,0
DA:181,0
DA:183,0
DA:187,0
DA:188,0
DA:196,0
DA:197,0
DA:198,0
DA:199,0
DA:201,0
DA:203,0
DA:215,0
DA:216,0
DA:224,0
DA:225,0
DA:226,0
DA:228,0
DA:229,0
DA:235,0
DA:237,0
DA:243,0
DA:244,0
DA:252,0
DA:253,0
DA:254,0
DA:256,0
DA:257,0
DA:263,0
DA:265,0
DA:271,0
DA:272,0
LF:83
LH:0
BRDA:14,0,0,0
BRDA:14,1,0,0
BRDA:15,2,0,0
BRDA:15,2,1,0
BRDA:23,3,0,0
BRDA:23,3,1,0
BRDA:29,4,0,0
BRDA:29,4,1,0
BRDA:42,5,0,0
BRDA:42,5,1,0
BRDA:43,6,0,0
BRDA:43,6,1,0
BRDA:45,7,0,0
BRDA:45,7,1,0
BRDA:54,8,0,0
BRDA:54,8,1,0
BRDA:71,9,0,0
BRDA:71,9,1,0
BRDA:71,10,0,0
BRDA:71,10,1,0
BRDA:99,11,0,0
BRDA:99,11,1,0
BRDA:99,12,0,0
BRDA:99,12,1,0
BRDA:99,12,2,0
BRDA:142,13,0,0
BRDA:142,13,1,0
BRDA:150,14,0,0
BRDA:150,14,1,0
BRDA:228,15,0,0
BRDA:228,15,1,0
BRDA:228,16,0,0
BRDA:228,16,1,0
BRDA:256,17,0,0
BRDA:256,17,1,0
BRDA:256,18,0,0
BRDA:256,18,1,0
BRDA:256,18,2,0
BRF:38
BRH:0
end_of_record
TN:
SF:src\controllers\AssistController.js
FN:7,(anonymous_0)
FN:47,(anonymous_1)
FN:84,(anonymous_2)
FN:118,(anonymous_3)
FN:138,(anonymous_4)
FN:157,(anonymous_5)
FN:187,(anonymous_6)
FN:199,(anonymous_7)
FN:221,(anonymous_8)
FN:238,(anonymous_9)
FNF:10
FNH:0
FNDA:0,(anonymous_0)
FNDA:0,(anonymous_1)
FNDA:0,(anonymous_2)
FNDA:0,(anonymous_3)
FNDA:0,(anonymous_4)
FNDA:0,(anonymous_5)
FNDA:0,(anonymous_6)
FNDA:0,(anonymous_7)
FNDA:0,(anonymous_8)
FNDA:0,(anonymous_9)
DA:8,0
DA:9,0
DA:11,0
DA:12,0
DA:18,0
DA:20,0
DA:21,0
DA:27,0
DA:39,0
DA:48,0
DA:49,0
DA:50,0
DA:52,0
DA:54,0
DA:55,0
DA:62,0
DA:64,0
DA:70,0
DA:72,0
DA:77,0
DA:85,0
DA:86,0
DA:87,0
DA:89,0
DA:90,0
DA:96,0
DA:105,0
DA:111,0
DA:119,0
DA:120,0
DA:123,0
DA:129,0
DA:135,0
DA:138,0
DA:139,0
DA:157,0
DA:158,0
DA:175,0
DA:180,0
DA:188,0
DA:189,0
DA:192,0
DA:197,0
DA:199,0
DA:214,0
DA:222,0
DA:223,0
DA:224,0
DA:226,0
DA:231,0
DA:239,0
DA:240,0
DA:242,0
DA:243,0
DA:249,0
DA:251,0
DA:257,0
LF:57
LH:0
BRDA:11,0,0,0
BRDA:11,0,1,0
BRDA:20,1,0,0
BRDA:20,1,1,0
BRDA:50,2,0,0
BRDA:50,2,1,0
BRDA:54,3,0,0
BRDA:54,3,1,0
BRDA:62,4,0,0
BRDA:62,4,1,0
BRDA:62,5,0,0
BRDA:62,5,1,0
BRDA:86,6,0,0
BRDA:86,6,1,0
BRDA:87,7,0,0
BRDA:89,8,0,0
BRDA:89,8,1,0
BRDA:89,9,0,0
BRDA:89,9,1,0
BRDA:120,10,0,0
BRDA:120,10,1,0
BRDA:148,11,0,0
BRDA:148,11,1,0
BRDA:149,12,0,0
BRDA:149,12,1,0
BRDA:162,13,0,0
BRDA:162,13,1,0
BRDA:163,14,0,0
BRDA:163,14,1,0
BRDA:189,15,0,0
BRDA:189,15,1,0
BRDA:209,16,0,0
BRDA:209,16,1,0
BRDA:223,17,0,0
BRDA:223,17,1,0
BRDA:242,18,0,0
BRDA:242,18,1,0
BRDA:242,19,0,0
BRDA:242,19,1,0
BRF:39
BRH:0
end_of_record
TN:
SF:src\controllers\AuthController.js
FN:4,(anonymous_0)
FN:47,(anonymous_1)
FN:90,(anonymous_2)
FNF:3
FNH:0
FNDA:0,(anonymous_0)
FNDA:0,(anonymous_1)
FNDA:0,(anonymous_2)
DA:5,0
DA:6,0
DA:9,0
DA:10,0
DA:17,0
DA:18,0
DA:24,0
DA:25,0
DA:31,0
DA:32,0
DA:34,0
DA:40,0
DA:48,0
DA:49,0
DA:52,0
DA:53,0
DA:60,0
DA:61,0
DA:67,0
DA:68,0
DA:74,0
DA:75,0
DA:77,0
DA:83,0
DA:91,0
DA:92,0
DA:93,0
DA:98,0
LF:28
LH:0
BRDA:9,0,0,0
BRDA:9,0,1,0
BRDA:9,1,0,0
BRDA:9,1,1,0
BRDA:9,1,2,0
BRDA:17,2,0,0
BRDA:17,2,1,0
BRDA:17,3,0,0
BRDA:17,3,1,0
BRDA:24,4,0,0
BRDA:24,4,1,0
BRDA:24,5,0,0
BRDA:24,5,1,0
BRDA:52,6,0,0
BRDA:52,6,1,0
BRDA:52,7,0,0
BRDA:52,7,1,0
BRDA:60,8,0,0
BRDA:60,8,1,0
BRDA:60,9,0,0
BRDA:60,9,1,0
BRDA:67,10,0,0
BRDA:67,10,1,0
BRDA:67,11,0,0
BRDA:67,11,1,0
BRDA:92,12,0,0
BRDA:92,12,1,0
BRF:27
BRH:0
end_of_record
TN:
SF:src\controllers\RoleController.js
FN:4,(anonymous_0)
FN:20,(anonymous_1)
FN:36,(anonymous_2)
FN:52,(anonymous_3)
FN:69,(anonymous_4)
FN:85,(anonymous_5)
FN:100,(anonymous_6)
FN:116,(anonymous_7)
FN:133,(anonymous_8)
FN:149,(anonymous_9)
FNF:10
FNH:0
FNDA:0,(anonymous_0)
FNDA:0,(anonymous_1)
FNDA:0,(anonymous_2)
FNDA:0,(anonymous_3)
FNDA:0,(anonymous_4)
FNDA:0,(anonymous_5)
FNDA:0,(anonymous_6)
FNDA:0,(anonymous_7)
FNDA:0,(anonymous_8)
FNDA:0,(anonymous_9)
DA:5,0
DA:6,0
DA:7,0
DA:8,0
DA:13,0
DA:21,0
DA:22,0
DA:23,0
DA:24,0
DA:29,0
DA:37,0
DA:38,0
DA:39,0
DA:40,0
DA:45,0
DA:53,0
DA:54,0
DA:55,0
DA:56,0
DA:57,0
DA:62,0
DA:70,0
DA:71,0
DA:72,0
DA:73,0
DA:78,0
DA:86,0
DA:87,0
DA:88,0
DA:93,0
DA:101,0
DA:102,0
DA:103,0
DA:104,0
DA:109,0
DA:117,0
DA:118,0
DA:119,0
DA:120,0
DA:121,0
DA:126,0
DA:134,0
DA:135,0
DA:136,0
DA:137,0
DA:142,0
DA:150,0
DA:151,0
DA:152,0
DA:157,0
LF:50
LH:0
BRF:0
BRH:0
end_of_record
TN:
SF:src\controllers\SettingsController.js
FN:4,(anonymous_0)
FN:19,(anonymous_1)
FN:36,(anonymous_2)
FN:51,(anonymous_3)
FNF:4
FNH:0
FNDA:0,(anonymous_0)
FNDA:0,(anonymous_1)
FNDA:0,(anonymous_2)
FNDA:0,(anonymous_3)
DA:5,0
DA:6,0
DA:7,0
DA:12,0
DA:20,0
DA:21,0
DA:22,0
DA:23,0
DA:24,0
DA:29,0
DA:37,0
DA:38,0
DA:39,0
DA:44,0
DA:52,0
DA:53,0
DA:54,0
DA:59,0
LF:18
LH:0
BRF:0
BRH:0
end_of_record
TN:
SF:src\controllers\UserController.js
FN:4,(anonymous_0)
FN:20,(anonymous_1)
FN:36,(anonymous_2)
FN:53,(anonymous_3)
FN:69,(anonymous_4)
FN:85,(anonymous_5)
FN:101,(anonymous_6)
FNF:7
FNH:0
FNDA:0,(anonymous_0)
FNDA:0,(anonymous_1)
FNDA:0,(anonymous_2)
FNDA:0,(anonymous_3)
FNDA:0,(anonymous_4)
FNDA:0,(anonymous_5)
FNDA:0,(anonymous_6)
DA:5,0
DA:6,0
DA:7,0
DA:8,0
DA:13,0
DA:21,0
DA:22,0
DA:23,0
DA:24,0
DA:29,0
DA:37,0
DA:38,0
DA:39,0
DA:40,0
DA:41,0
DA:46,0
DA:54,0
DA:55,0
DA:56,0
DA:57,0
DA:62,0
DA:70,0
DA:71,0
DA:72,0
DA:73,0
DA:78,0
DA:86,0
DA:87,0
DA:88,0
DA:89,0
DA:94,0
DA:102,0
DA:103,0
DA:104,0
DA:109,0
LF:35
LH:0
BRF:0
BRH:0
end_of_record
TN:
SF:src\middleware\auth.js
FN:5,(anonymous_0)
FNF:1
FNH:0
FNDA:0,(anonymous_0)
DA:3,0
DA:5,0
DA:6,0
DA:8,0
DA:9,0
DA:15,0
DA:16,0
DA:17,0
DA:18,0
DA:20,0
LF:10
LH:0
BRDA:3,0,0,0
BRDA:3,0,1,0
BRDA:8,1,0,0
BRDA:8,1,1,0
BRF:4
BRH:0
end_of_record
TN:
SF:src\middleware\permission.js
FN:3,(anonymous_0)
FN:4,(anonymous_1)
FN:39,(anonymous_2)
FN:61,(anonymous_3)
FN:62,(anonymous_4)
FN:106,(anonymous_5)
FN:107,(anonymous_6)
FN:142,(anonymous_7)
FNF:8
FNH:0
FNDA:0,(anonymous_0)
FNDA:0,(anonymous_1)
FNDA:0,(anonymous_2)
FNDA:0,(anonymous_3)
FNDA:0,(anonymous_4)
FNDA:0,(anonymous_5)
FNDA:0,(anonymous_6)
FNDA:0,(anonymous_7)
DA:3,0
DA:4,0
DA:5,0
DA:6,0
DA:7,0
DA:8,0
DA:14,0
DA:15,0
DA:16,0
DA:22,0
DA:23,0
DA:29,0
DA:30,0
DA:36,0
DA:38,0
DA:39,0
DA:42,0
DA:43,0
DA:49,0
DA:50,0
DA:52,0
DA:61,0
DA:62,0
DA:63,0
DA:64,0
DA:65,0
DA:66,0
DA:72,0
DA:73,0
DA:74,0
DA:80,0
DA:81,0
DA:87,0
DA:88,0
DA:94,0
DA:95,0
DA:97,0
DA:106,0
DA:107,0
DA:108,0
DA:109,0
DA:110,0
DA:111,0
DA:117,0
DA:118,0
DA:119,0
DA:125,0
DA:126,0
DA:132,0
DA:133,0
DA:139,0
DA:141,0
DA:142,0
DA:145,0
DA:146,0
DA:152,0
DA:153,0
DA:155,0
LF:58
LH:0
BRDA:7,0,0,0
BRDA:7,0,1,0
BRDA:15,1,0,0
BRDA:15,1,1,0
BRDA:22,2,0,0
BRDA:22,2,1,0
BRDA:29,3,0,0
BRDA:29,3,1,0
BRDA:42,4,0,0
BRDA:42,4,1,0
BRDA:65,5,0,0
BRDA:65,5,1,0
BRDA:73,6,0,0
BRDA:73,6,1,0
BRDA:80,7,0,0
BRDA:80,7,1,0
BRDA:87,8,0,0
BRDA:87,8,1,0
BRDA:87,9,0,0
BRDA:87,9,1,0
BRDA:110,10,0,0
BRDA:110,10,1,0
BRDA:118,11,0,0
BRDA:118,11,1,0
BRDA:125,12,0,0
BRDA:125,12,1,0
BRDA:132,13,0,0
BRDA:132,13,1,0
BRDA:145,14,0,0
BRDA:145,14,1,0
BRF:30
BRH:0
end_of_record
TN:
SF:src\models\Answer.js
FN:53,(anonymous_0)
FN:59,(anonymous_1)
FN:83,(anonymous_2)
FNF:3
FNH:0
FNDA:0,(anonymous_0)
FNDA:0,(anonymous_1)
FNDA:0,(anonymous_2)
DA:3,0
DA:50,0
DA:53,0
DA:54,0
DA:55,0
DA:59,0
DA:60,0
DA:62,0
DA:68,0
DA:75,0
DA:83,0
DA:84,0
DA:113,0
LF:13
LH:0
BRDA:78,0,0,0
BRDA:78,0,1,0
BRF:2
BRH:0
end_of_record
TN:
SF:src\models\AssistRelation.js
FN:60,(anonymous_0)
FN:70,(anonymous_1)
FNF:2
FNH:0
FNDA:0,(anonymous_0)
FNDA:0,(anonymous_1)
DA:3,0
DA:57,0
DA:60,0
DA:61,0
DA:66,0
DA:70,0
DA:71,0
LF:7
LH:0
BRF:0
BRH:0
end_of_record
TN:
SF:src\models\ChatSession.js
FNF:0
FNH:0
DA:3,0
DA:98,0
DA:99,0
LF:3
LH:0
BRF:0
BRH:0
end_of_record
TN:
SF:src\models\Permission.js
FNF:0
FNH:0
DA:3,0
LF:1
LH:0
BRF:0
BRH:0
end_of_record
TN:
SF:src\models\Question.js
FN:45,(anonymous_0)
FN:50,(anonymous_1)
FNF:2
FNH:0
FNDA:0,(anonymous_0)
FNDA:0,(anonymous_1)
DA:3,0
DA:41,0
DA:42,0
DA:45,0
DA:46,0
DA:50,0
DA:51,0
LF:7
LH:0
BRF:0
BRH:0
end_of_record
TN:
SF:src\models\Role.js
FN:32,(anonymous_0)
FNF:1
FNH:0
FNDA:0,(anonymous_0)
DA:3,0
DA:32,0
DA:33,0
DA:34,0
LF:4
LH:0
BRF:0
BRH:0
end_of_record
TN:
SF:src\models\User.js
FN:6,generateUniqueCode
FN:237,(anonymous_1)
FN:251,(anonymous_2)
FN:259,(anonymous_3)
FN:264,(anonymous_4)
FNF:5
FNH:0
FNDA:0,generateUniqueCode
FNDA:0,(anonymous_1)
FNDA:0,(anonymous_2)
FNDA:0,(anonymous_3)
FNDA:0,(anonymous_4)
DA:7,0
DA:8,0
DA:9,0
DA:10,0
DA:11,0
DA:13,0
DA:16,1
DA:237,1
DA:239,0
DA:241,0
DA:242,0
DA:243,0
DA:244,0
DA:247,0
DA:251,1
DA:252,0
DA:253,0
DA:255,0
DA:259,1
DA:260,0
DA:264,1
DA:265,0
DA:266,0
DA:267,0
DA:271,1
DA:272,1
DA:273,1
LF:27
LH:8
BRDA:252,0,0,0
BRDA:252,0,1,0
BRF:2
BRH:0
end_of_record
TN:
SF:src\repositories\AnswerRepository.js
FN:4,(anonymous_0)
FN:9,(anonymous_1)
FN:13,(anonymous_2)
FN:20,(anonymous_3)
FN:24,(anonymous_4)
FN:28,(anonymous_5)
FN:32,(anonymous_6)
FN:55,(anonymous_7)
FNF:8
FNH:0
FNDA:0,(anonymous_0)
FNDA:0,(anonymous_1)
FNDA:0,(anonymous_2)
FNDA:0,(anonymous_3)
FNDA:0,(anonymous_4)
FNDA:0,(anonymous_5)
FNDA:0,(anonymous_6)
FNDA:0,(anonymous_7)
DA:5,0
DA:6,0
DA:10,0
DA:14,0
DA:21,0
DA:25,0
DA:29,0
DA:33,0
DA:35,0
DA:41,0
DA:48,0
DA:56,0
LF:12
LH:0
BRDA:20,0,0,0
BRDA:51,1,0,0
BRDA:51,1,1,0
BRF:3
BRH:0
end_of_record
TN:
SF:src\repositories\AssistRelationRepository.js
FN:4,(anonymous_0)
FN:9,(anonymous_1)
FN:13,(anonymous_2)
FN:17,(anonymous_3)
FN:26,(anonymous_4)
FNF:5
FNH:0
FNDA:0,(anonymous_0)
FNDA:0,(anonymous_1)
FNDA:0,(anonymous_2)
FNDA:0,(anonymous_3)
FNDA:0,(anonymous_4)
DA:5,0
DA:6,0
DA:10,0
DA:14,0
DA:18,0
DA:23,0
DA:27,0
LF:7
LH:0
BRF:0
BRH:0
end_of_record
TN:
SF:src\repositories\QuestionRepository.js
FN:4,(anonymous_0)
FN:8,(anonymous_1)
FN:12,(anonymous_2)
FN:16,(anonymous_3)
FN:20,(anonymous_4)
FN:24,(anonymous_5)
FNF:6
FNH:0
FNDA:0,(anonymous_0)
FNDA:0,(anonymous_1)
FNDA:0,(anonymous_2)
FNDA:0,(anonymous_3)
FNDA:0,(anonymous_4)
FNDA:0,(anonymous_5)
DA:5,0
DA:9,0
DA:13,0
DA:17,0
DA:21,0
DA:25,0
LF:6
LH:0
BRF:0
BRH:0
end_of_record
TN:
SF:src\repositories\UserRepository.js
FN:4,(anonymous_0)
FN:9,(anonymous_1)
FN:13,(anonymous_2)
FN:17,(anonymous_3)
FN:21,(anonymous_4)
FNF:5
FNH:0
FNDA:0,(anonymous_0)
FNDA:0,(anonymous_1)
FNDA:0,(anonymous_2)
FNDA:0,(anonymous_3)
FNDA:0,(anonymous_4)
DA:5,0
DA:6,0
DA:10,0
DA:14,0
DA:18,0
DA:23,0
DA:25,0
DA:26,0
DA:27,0
DA:28,0
DA:31,0
LF:11
LH:0
BRDA:17,0,0,0
BRF:1
BRH:0
end_of_record
TN:
SF:src\routes\answers.js
FN:7,(anonymous_0)
FN:10,(anonymous_1)
FN:13,(anonymous_2)
FN:16,(anonymous_3)
FN:19,(anonymous_4)
FN:22,(anonymous_5)
FN:25,(anonymous_6)
FN:28,(anonymous_7)
FN:31,(anonymous_8)
FNF:9
FNH:0
FNDA:0,(anonymous_0)
FNDA:0,(anonymous_1)
FNDA:0,(anonymous_2)
FNDA:0,(anonymous_3)
FNDA:0,(anonymous_4)
FNDA:0,(anonymous_5)
FNDA:0,(anonymous_6)
FNDA:0,(anonymous_7)
FNDA:0,(anonymous_8)
DA:5,0
DA:7,0
DA:8,0
DA:10,0
DA:11,0
DA:13,0
DA:14,0
DA:16,0
DA:17,0
DA:19,0
DA:20,0
DA:22,0
DA:23,0
DA:25,0
DA:26,0
DA:28,0
DA:29,0
DA:31,0
DA:32,0
LF:19
LH:0
BRF:0
BRH:0
end_of_record
TN:
SF:src\routes\questions.js
FN:12,(anonymous_0)
FN:43,(anonymous_1)
FN:59,(anonymous_2)
FN:61,(anonymous_3)
FN:88,(anonymous_4)
FNF:5
FNH:0
FNDA:0,(anonymous_0)
FNDA:0,(anonymous_1)
FNDA:0,(anonymous_2)
FNDA:0,(anonymous_3)
FNDA:0,(anonymous_4)
DA:8,0
DA:9,0
DA:12,0
DA:13,0
DA:14,0
DA:15,0
DA:17,0
DA:18,0
DA:20,0
DA:21,0
DA:22,0
DA:28,0
DA:35,0
DA:37,0
DA:38,0
DA:43,0
DA:44,0
DA:45,0
DA:46,0
DA:48,0
DA:52,0
DA:58,0
DA:59,0
DA:61,0
DA:70,0
DA:71,0
DA:73,0
DA:82,0
DA:83,0
DA:88,0
DA:89,0
DA:90,0
DA:91,0
DA:94,0
DA:99,0
DA:100,0
DA:104,0
DA:105,0
DA:109,0
DA:115,0
DA:116,0
DA:119,0
DA:120,0
DA:122,0
DA:134,0
DA:136,0
DA:137,0
DA:140,0
DA:141,0
DA:145,0
DA:147,0
DA:148,0
LF:52
LH:0
BRDA:14,0,0,0
BRDA:31,1,0,0
BRDA:31,1,1,0
BRDA:45,2,0,0
BRDA:45,3,0,0
BRDA:65,4,0,0
BRDA:65,4,1,0
BRDA:66,5,0,0
BRDA:66,5,1,0
BRDA:67,6,0,0
BRDA:67,6,1,0
BRDA:78,7,0,0
BRDA:78,7,1,0
BRDA:99,8,0,0
BRDA:99,8,1,0
BRDA:104,9,0,0
BRDA:104,9,1,0
BRDA:115,10,0,0
BRDA:115,10,1,0
BRDA:130,11,0,0
BRDA:130,11,1,0
BRDA:136,12,0,0
BRDA:136,12,1,0
BRDA:140,13,0,0
BRDA:140,13,1,0
BRF:25
BRH:0
end_of_record
TN:
SF:src\routes\roles.js
FN:8,(anonymous_0)
FN:12,(anonymous_1)
FN:16,(anonymous_2)
FN:20,(anonymous_3)
FN:24,(anonymous_4)
FN:28,(anonymous_5)
FN:32,(anonymous_6)
FN:36,(anonymous_7)
FN:40,(anonymous_8)
FN:44,(anonymous_9)
FNF:10
FNH:0
FNDA:0,(anonymous_0)
FNDA:0,(anonymous_1)
FNDA:0,(anonymous_2)
FNDA:0,(anonymous_3)
FNDA:0,(anonymous_4)
FNDA:0,(anonymous_5)
FNDA:0,(anonymous_6)
FNDA:0,(anonymous_7)
FNDA:0,(anonymous_8)
FNDA:0,(anonymous_9)
DA:6,0
DA:8,0
DA:9,0
DA:12,0
DA:13,0
DA:16,0
DA:17,0
DA:20,0
DA:21,0
DA:24,0
DA:25,0
DA:28,0
DA:29,0
DA:32,0
DA:33,0
DA:36,0
DA:37,0
DA:40,0
DA:41,0
DA:44,0
DA:45,0
LF:21
LH:0
BRF:0
BRH:0
end_of_record
TN:
SF:src\routes\settings.js
FN:8,(anonymous_0)
FN:12,(anonymous_1)
FN:16,(anonymous_2)
FN:20,(anonymous_3)
FNF:4
FNH:0
FNDA:0,(anonymous_0)
FNDA:0,(anonymous_1)
FNDA:0,(anonymous_2)
FNDA:0,(anonymous_3)
DA:6,0
DA:8,0
DA:9,0
DA:12,0
DA:13,0
DA:16,0
DA:17,0
DA:20,0
DA:21,0
LF:9
LH:0
BRF:0
BRH:0
end_of_record
TN:
SF:src\routes\users.js
FN:8,(anonymous_0)
FN:12,(anonymous_1)
FN:16,(anonymous_2)
FN:20,(anonymous_3)
FN:24,(anonymous_4)
FN:28,(anonymous_5)
FN:32,(anonymous_6)
FNF:7
FNH:0
FNDA:0,(anonymous_0)
FNDA:0,(anonymous_1)
FNDA:0,(anonymous_2)
FNDA:0,(anonymous_3)
FNDA:0,(anonymous_4)
FNDA:0,(anonymous_5)
FNDA:0,(anonymous_6)
DA:6,0
DA:8,0
DA:9,0
DA:12,0
DA:13,0
DA:16,0
DA:17,0
DA:20,0
DA:21,0
DA:24,0
DA:25,0
DA:28,0
DA:29,0
DA:32,0
DA:33,0
LF:15
LH:0
BRF:0
BRH:0
end_of_record
TN:
SF:src\routes\auth\index.js
FN:11,(anonymous_0)
FN:16,(anonymous_1)
FN:19,(anonymous_2)
FN:22,(anonymous_3)
FN:25,(anonymous_4)
FN:28,(anonymous_5)
FN:31,(anonymous_6)
FN:34,(anonymous_7)
FNF:8
FNH:0
FNDA:0,(anonymous_0)
FNDA:0,(anonymous_1)
FNDA:0,(anonymous_2)
FNDA:0,(anonymous_3)
FNDA:0,(anonymous_4)
FNDA:0,(anonymous_5)
FNDA:0,(anonymous_6)
FNDA:0,(anonymous_7)
DA:6,0
DA:8,0
DA:9,0
DA:11,0
DA:12,0
DA:16,0
DA:17,0
DA:19,0
DA:20,0
DA:22,0
DA:23,0
DA:25,0
DA:26,0
DA:28,0
DA:29,0
DA:31,0
DA:32,0
DA:34,0
DA:35,0
LF:19
LH:0
BRF:0
BRH:0
end_of_record
TN:
SF:src\services\AnswerService.js
FN:8,(anonymous_0)
FN:16,(anonymous_1)
FN:63,(anonymous_2)
FN:122,(anonymous_3)
FN:126,(anonymous_4)
FN:147,(anonymous_5)
FN:160,(anonymous_6)
FN:167,(anonymous_7)
FN:202,(anonymous_8)
FN:217,(anonymous_9)
FN:270,(anonymous_10)
FNF:11
FNH:0
FNDA:0,(anonymous_0)
FNDA:0,(anonymous_1)
FNDA:0,(anonymous_2)
FNDA:0,(anonymous_3)
FNDA:0,(anonymous_4)
FNDA:0,(anonymous_5)
FNDA:0,(anonymous_6)
FNDA:0,(anonymous_7)
FNDA:0,(anonymous_8)
FNDA:0,(anonymous_9)
FNDA:0,(anonymous_10)
DA:9,0
DA:10,0
DA:11,0
DA:12,0
DA:13,0
DA:17,0
DA:18,0
DA:19,0
DA:22,0
DA:28,0
DA:29,0
DA:30,0
DA:31,0
DA:32,0
DA:35,0
DA:45,0
DA:55,0
DA:56,0
DA:60,0
DA:64,0
DA:70,0
DA:71,0
DA:74,0
DA:75,0
DA:76,0
DA:79,0
DA:85,0
DA:86,0
DA:87,0
DA:88,0
DA:89,0
DA:92,0
DA:102,0
DA:103,0
DA:114,0
DA:115,0
DA:119,0
DA:123,0
DA:127,0
DA:128,0
DA:130,0
DA:131,0
DA:132,0
DA:136,0
DA:148,0
DA:153,0
DA:154,0
DA:157,0
DA:161,0
DA:166,0
DA:167,0
DA:168,0
DA:169,0
DA:170,0
DA:183,0
DA:192,0
DA:193,0
DA:194,0
DA:195,0
DA:199,0
DA:203,0
DA:209,0
DA:210,0
DA:213,0
DA:214,0
DA:218,0
DA:223,0
DA:224,0
DA:226,0
DA:227,0
DA:228,0
DA:230,0
DA:240,0
DA:243,0
DA:244,0
DA:247,0
DA:248,0
DA:249,0
DA:258,0
DA:261,0
DA:262,0
DA:267,0
DA:271,0
DA:277,0
DA:278,0
DA:281,0
DA:283,0
DA:284,0
DA:285,0
DA:286,0
DA:288,0
DA:299,0
DA:300,0
DA:303,0
DA:304,0
DA:305,0
DA:306,0
DA:307,0
DA:309,0
DA:319,0
DA:322,0
DA:323,0
DA:328,0
LF:103
LH:0
BRDA:18,0,0,0
BRDA:18,0,1,0
BRDA:28,1,0,0
BRDA:28,1,1,0
BRDA:70,2,0,0
BRDA:70,2,1,0
BRDA:75,3,0,0
BRDA:75,3,1,0
BRDA:85,4,0,0
BRDA:85,4,1,0
BRDA:132,5,0,0
BRDA:132,5,1,0
BRDA:153,6,0,0
BRDA:153,6,1,0
BRDA:169,7,0,0
BRDA:169,7,1,0
BRDA:192,8,0,0
BRDA:192,8,1,0
BRDA:194,9,0,0
BRDA:194,9,1,0
BRDA:209,10,0,0
BRDA:209,10,1,0
BRDA:209,11,0,0
BRDA:209,11,1,0
BRDA:228,12,0,0
BRDA:228,12,1,0
BRDA:243,13,0,0
BRDA:243,13,1,0
BRDA:261,14,0,0
BRDA:261,14,1,0
BRDA:277,15,0,0
BRDA:277,15,1,0
BRDA:286,16,0,0
BRDA:286,16,1,0
BRDA:299,17,0,0
BRDA:299,17,1,0
BRDA:307,18,0,0
BRDA:307,18,1,0
BRDA:322,19,0,0
BRDA:322,19,1,0
BRF:40
BRH:0
end_of_record
TN:
SF:src\services\QuestionService.js
FN:4,(anonymous_0)
FN:8,(anonymous_1)
FN:22,(anonymous_2)
FNF:3
FNH:0
FNDA:0,(anonymous_0)
FNDA:0,(anonymous_1)
FNDA:0,(anonymous_2)
DA:5,0
DA:9,0
DA:11,0
DA:12,0
DA:15,0
DA:16,0
DA:19,0
DA:23,0
DA:29,0
LF:9
LH:0
BRDA:11,0,0,0
BRDA:11,0,1,0
BRDA:15,1,0,0
BRDA:15,1,1,0
BRF:4
BRH:0
end_of_record
TN:
SF:src\services\assistService.js
FN:9,(anonymous_0)
FN:73,(anonymous_1)
FN:83,(anonymous_2)
FN:98,(anonymous_3)
FN:105,(anonymous_4)
FNF:5
FNH:0
FNDA:0,(anonymous_0)
FNDA:0,(anonymous_1)
FNDA:0,(anonymous_2)
FNDA:0,(anonymous_3)
FNDA:0,(anonymous_4)
DA:11,0
DA:12,0
DA:16,0
DA:21,0
DA:22,0
DA:26,0
DA:27,0
DA:31,0
DA:36,0
DA:37,0
DA:41,0
DA:48,0
DA:49,0
DA:50,0
DA:51,0
DA:55,0
DA:56,0
DA:58,0
DA:74,0
DA:84,0
DA:99,0
DA:100,0
DA:103,0
DA:105,0
DA:106,0
DA:107,0
DA:116,0
DA:117,0
DA:120,0
DA:121,0
LF:30
LH:0
BRDA:11,0,0,0
BRDA:11,0,1,0
BRDA:21,1,0,0
BRDA:21,1,1,0
BRDA:26,2,0,0
BRDA:26,2,1,0
BRDA:36,3,0,0
BRDA:36,3,1,0
BRDA:48,4,0,0
BRDA:48,4,1,0
BRDA:48,5,0,0
BRDA:48,5,1,0
BRDA:50,6,0,0
BRDA:50,6,1,0
BRDA:50,7,0,0
BRDA:50,7,1,0
BRDA:99,8,0,0
BRDA:99,8,1,0
BRDA:99,9,0,0
BRDA:99,9,1,0
BRDA:106,10,0,0
BRDA:106,10,1,0
BRDA:106,11,0,0
BRDA:106,11,1,0
BRDA:116,12,0,0
BRDA:116,12,1,0
BRF:26
BRH:0
end_of_record
TN:
SF:src\services\authService.js
FN:12,(anonymous_0)
FN:20,(anonymous_1)
FN:37,(anonymous_2)
FN:75,(anonymous_3)
FN:119,(anonymous_4)
FN:152,(anonymous_5)
FN:167,(anonymous_6)
FNF:7
FNH:0
FNDA:0,(anonymous_0)
FNDA:0,(anonymous_1)
FNDA:0,(anonymous_2)
FNDA:0,(anonymous_3)
FNDA:0,(anonymous_4)
FNDA:0,(anonymous_5)
FNDA:0,(anonymous_6)
DA:6,0
DA:13,0
DA:14,0
DA:21,0
DA:22,0
DA:24,0
DA:31,0
DA:38,0
DA:56,0
DA:57,0
DA:60,0
DA:69,0
DA:77,0
DA:78,0
DA:81,0
DA:82,0
DA:85,0
DA:86,0
DA:90,0
DA:91,0
DA:92,0
DA:96,0
DA:99,0
DA:102,0
DA:110,0
DA:113,0
DA:121,0
DA:122,0
DA:125,0
DA:126,0
DA:130,0
DA:131,0
DA:132,0
DA:136,0
DA:137,0
DA:138,0
DA:142,0
DA:143,0
DA:146,0
DA:153,0
DA:168,0
DA:169,0
DA:170,0
DA:172,0
LF:44
LH:0
BRDA:6,0,0,0
BRDA:6,0,1,0
BRDA:22,1,0,0
BRDA:22,1,1,0
BRDA:46,2,0,0
BRDA:46,2,1,0
BRDA:56,3,0,0
BRDA:56,3,1,0
BRDA:56,4,0,0
BRDA:56,4,1,0
BRDA:77,5,0,0
BRDA:77,5,1,0
BRDA:77,6,0,0
BRDA:77,6,1,0
BRDA:77,6,2,0
BRDA:81,7,0,0
BRDA:81,7,1,0
BRDA:81,8,0,0
BRDA:81,8,1,0
BRDA:81,8,2,0
BRDA:85,9,0,0
BRDA:85,9,1,0
BRDA:85,10,0,0
BRDA:85,10,1,0
BRDA:85,10,2,0
BRDA:91,11,0,0
BRDA:91,11,1,0
BRDA:105,12,0,0
BRDA:105,12,1,0
BRDA:121,13,0,0
BRDA:121,13,1,0
BRDA:121,14,0,0
BRDA:121,14,1,0
BRDA:121,14,2,0
BRDA:125,15,0,0
BRDA:125,15,1,0
BRDA:125,16,0,0
BRDA:125,16,1,0
BRDA:125,16,2,0
BRDA:131,17,0,0
BRDA:131,17,1,0
BRDA:137,18,0,0
BRDA:137,18,1,0
BRDA:155,19,0,0
BRDA:155,19,1,0
BRDA:169,20,0,0
BRDA:169,20,1,0
BRF:47
BRH:0
end_of_record
TN:
SF:src\services\dualStorage.js
FN:6,(anonymous_0)
FN:10,(anonymous_1)
FN:19,(anonymous_2)
FN:41,(anonymous_3)
FN:60,(anonymous_4)
FN:82,(anonymous_5)
FN:101,(anonymous_6)
FN:119,(anonymous_7)
FN:140,(anonymous_8)
FN:159,(anonymous_9)
FN:188,(anonymous_10)
FN:208,(anonymous_11)
FN:216,(anonymous_12)
FN:245,(anonymous_13)
FN:250,(anonymous_14)
FN:263,(anonymous_15)
FN:286,(anonymous_16)
FN:304,(anonymous_17)
FNF:18
FNH:0
FNDA:0,(anonymous_0)
FNDA:0,(anonymous_1)
FNDA:0,(anonymous_2)
FNDA:0,(anonymous_3)
FNDA:0,(anonymous_4)
FNDA:0,(anonymous_5)
FNDA:0,(anonymous_6)
FNDA:0,(anonymous_7)
FNDA:0,(anonymous_8)
FNDA:0,(anonymous_9)
FNDA:0,(anonymous_10)
FNDA:0,(anonymous_11)
FNDA:0,(anonymous_12)
FNDA:0,(anonymous_13)
FNDA:0,(anonymous_14)
FNDA:0,(anonymous_15)
FNDA:0,(anonymous_16)
FNDA:0,(anonymous_17)
DA:7,0
DA:11,0
DA:20,0
DA:22,0
DA:23,0
DA:25,0
DA:27,0
DA:28,0
DA:29,0
DA:30,0
DA:32,0
DA:33,0
DA:42,0
DA:44,0
DA:45,0
DA:46,0
DA:47,0
DA:48,0
DA:50,0
DA:51,0
DA:61,0
DA:63,0
DA:64,0
DA:66,0
DA:68,0
DA:69,0
DA:70,0
DA:71,0
DA:73,0
DA:74,0
DA:83,0
DA:85,0
DA:86,0
DA:87,0
DA:88,0
DA:89,0
DA:91,0
DA:92,0
DA:102,0
DA:104,0
DA:105,0
DA:107,0
DA:109,0
DA:110,0
DA:111,0
DA:112,0
DA:113,0
DA:119,0
DA:121,0
DA:122,0
DA:124,0
DA:127,0
DA:128,0
DA:129,0
DA:131,0
DA:132,0
DA:141,0
DA:143,0
DA:144,0
DA:145,0
DA:146,0
DA:147,0
DA:149,0
DA:150,0
DA:160,0
DA:162,0
DA:163,0
DA:165,0
DA:167,0
DA:168,0
DA:175,0
DA:176,0
DA:177,0
DA:179,0
DA:180,0
DA:189,0
DA:191,0
DA:192,0
DA:193,0
DA:194,0
DA:195,0
DA:197,0
DA:198,0
DA:209,0
DA:211,0
DA:213,0
DA:216,0
DA:218,0
DA:219,0
DA:225,0
DA:233,0
DA:235,0
DA:236,0
DA:246,0
DA:248,0
DA:249,0
DA:250,0
DA:252,0
DA:254,0
DA:255,0
DA:264,0
DA:266,0
DA:267,0
DA:268,0
DA:275,0
DA:287,0
DA:289,0
DA:290,0
DA:291,0
DA:292,0
DA:294,0
DA:295,0
DA:306,0
LF:113
LH:0
BRDA:121,0,0,0
BRDA:121,0,1,0
BRDA:195,1,0,0
BRDA:195,1,1,0
BRDA:218,2,0,0
BRDA:218,2,1,0
BRF:6
BRH:0
end_of_record
TN:
SF:src\services\fileStorage.js
FN:6,(anonymous_0)
FN:10,(anonymous_1)
FN:14,(anonymous_2)
FN:67,(anonymous_3)
FN:80,(anonymous_4)
FN:87,(anonymous_5)
FN:101,(anonymous_6)
FN:123,(anonymous_7)
FN:129,(anonymous_8)
FN:135,(anonymous_9)
FNF:10
FNH:0
FNDA:0,(anonymous_0)
FNDA:0,(anonymous_1)
FNDA:0,(anonymous_2)
FNDA:0,(anonymous_3)
FNDA:0,(anonymous_4)
FNDA:0,(anonymous_5)
FNDA:0,(anonymous_6)
FNDA:0,(anonymous_7)
FNDA:0,(anonymous_8)
FNDA:0,(anonymous_9)
DA:7,0
DA:11,0
DA:15,0
DA:17,0
DA:18,0
DA:20,0
DA:26,0
DA:29,0
DA:30,0
DA:32,0
DA:33,0
DA:36,0
DA:37,0
DA:39,0
DA:40,0
DA:42,0
DA:43,0
DA:44,0
DA:46,0
DA:62,0
DA:63,0
DA:64,0
DA:68,0
DA:74,0
DA:76,0
DA:77,0
DA:79,0
DA:80,0
DA:81,0
DA:82,0
DA:83,0
DA:86,0
DA:87,0
DA:88,0
DA:89,0
DA:90,0
DA:93,0
DA:95,0
DA:98,0
DA:102,0
DA:103,0
DA:105,0
DA:106,0
DA:108,0
DA:110,0
DA:111,0
DA:112,0
DA:113,0
DA:114,0
DA:115,0
DA:119,0
DA:124,0
DA:125,0
DA:126,0
DA:130,0
DA:131,0
DA:132,0
DA:136,0
DA:137,0
DA:139,0
DA:140,0
DA:142,0
DA:143,0
DA:145,0
DA:146,0
DA:147,0
DA:149,0
LF:67
LH:0
BRDA:26,0,0,0
BRDA:26,0,1,0
BRDA:29,1,0,0
BRDA:29,1,1,0
BRDA:32,2,0,0
BRDA:32,2,1,0
BRDA:82,3,0,0
BRDA:82,3,1,0
BRDA:89,4,0,0
BRDA:89,4,1,0
BRDA:106,5,0,0
BRDA:106,5,1,0
BRDA:110,6,0,0
BRDA:110,6,1,0
BRDA:112,7,0,0
BRDA:112,7,1,0
BRDA:112,8,0,0
BRDA:112,8,1,0
BRDA:124,9,0,0
BRDA:124,9,1,0
BRDA:130,10,0,0
BRDA:130,10,1,0
BRDA:139,11,0,0
BRDA:139,11,1,0
BRDA:139,12,0,0
BRDA:139,12,1,0
BRDA:139,12,2,0
BRDA:142,13,0,0
BRDA:142,13,1,0
BRDA:142,14,0,0
BRDA:142,14,1,0
BRDA:142,14,2,0
BRDA:145,15,0,0
BRDA:145,15,1,0
BRDA:145,16,0,0
BRDA:145,16,1,0
BRDA:146,17,0,0
BRDA:146,17,1,0
BRDA:146,18,0,0
BRDA:146,18,1,0
BRDA:147,19,0,0
BRDA:147,19,1,0
BRDA:147,20,0,0
BRDA:147,20,1,0
BRDA:149,21,0,0
BRDA:149,21,1,0
BRF:46
BRH:0
end_of_record
TN:
SF:src\services\roleService.js
FN:5,(anonymous_0)
FN:34,(anonymous_1)
FN:42,(anonymous_2)
FN:60,(anonymous_3)
FN:80,(anonymous_4)
FN:100,(anonymous_5)
FN:102,(anonymous_6)
FN:113,(anonymous_7)
FN:131,(anonymous_8)
FN:146,(anonymous_9)
FN:161,(anonymous_10)
FN:190,(anonymous_11)
FN:203,(anonymous_12)
FNF:13
FNH:0
FNDA:0,(anonymous_0)
FNDA:0,(anonymous_1)
FNDA:0,(anonymous_2)
FNDA:0,(anonymous_3)
FNDA:0,(anonymous_4)
FNDA:0,(anonymous_5)
FNDA:0,(anonymous_6)
FNDA:0,(anonymous_7)
FNDA:0,(anonymous_8)
FNDA:0,(anonymous_9)
FNDA:0,(anonymous_10)
FNDA:0,(anonymous_11)
FNDA:0,(anonymous_12)
DA:6,0
DA:8,0
DA:9,0
DA:10,0
DA:13,0
DA:14,0
DA:23,0
DA:35,0
DA:36,0
DA:37,0
DA:39,0
DA:43,0
DA:45,0
DA:46,0
DA:47,0
DA:50,0
DA:56,0
DA:57,0
DA:61,0
DA:63,0
DA:64,0
DA:65,0
DA:68,0
DA:69,0
DA:72,0
DA:73,0
DA:74,0
DA:76,0
DA:77,0
DA:81,0
DA:82,0
DA:83,0
DA:86,0
DA:87,0
DA:90,0
DA:91,0
DA:92,0
DA:93,0
DA:96,0
DA:97,0
DA:101,0
DA:102,0
DA:103,0
DA:104,0
DA:106,0
DA:107,0
DA:110,0
DA:114,0
DA:116,0
DA:117,0
DA:118,0
DA:121,0
DA:127,0
DA:128,0
DA:132,0
DA:133,0
DA:134,0
DA:137,0
DA:138,0
DA:139,0
DA:140,0
DA:142,0
DA:143,0
DA:147,0
DA:148,0
DA:149,0
DA:152,0
DA:153,0
DA:154,0
DA:157,0
DA:158,0
DA:162,0
DA:177,0
DA:178,0
DA:179,0
DA:180,0
DA:184,0
DA:185,0
DA:186,0
DA:187,0
DA:190,0
DA:195,0
DA:196,0
DA:197,0
DA:200,0
DA:203,0
DA:208,0
LF:87
LH:0
BRDA:5,0,0,0
BRDA:6,1,0,0
BRDA:6,2,0,0
BRDA:9,3,0,0
BRDA:9,3,1,0
BRDA:36,4,0,0
BRDA:36,4,1,0
BRDA:43,5,0,0
BRDA:46,6,0,0
BRDA:46,6,1,0
BRDA:64,7,0,0
BRDA:64,7,1,0
BRDA:68,8,0,0
BRDA:68,8,1,0
BRDA:72,9,0,0
BRDA:72,9,1,0
BRDA:73,10,0,0
BRDA:73,10,1,0
BRDA:74,11,0,0
BRDA:74,11,1,0
BRDA:82,12,0,0
BRDA:82,12,1,0
BRDA:86,13,0,0
BRDA:86,13,1,0
BRDA:92,14,0,0
BRDA:92,14,1,0
BRDA:103,15,0,0
BRDA:103,15,1,0
BRDA:117,16,0,0
BRDA:117,16,1,0
BRDA:133,17,0,0
BRDA:133,17,1,0
BRDA:138,18,0,0
BRDA:138,18,1,0
BRDA:139,19,0,0
BRDA:139,19,1,0
BRDA:140,20,0,0
BRDA:140,20,1,0
BRDA:148,21,0,0
BRDA:148,21,1,0
BRDA:153,22,0,0
BRDA:153,22,1,0
BRDA:179,23,0,0
BRDA:179,23,1,0
BRDA:185,24,0,0
BRDA:185,24,1,0
BRDA:196,25,0,0
BRDA:196,25,1,0
BRF:48
BRH:0
end_of_record
TN:
SF:src\services\settingsService.js
FN:2,(anonymous_0)
FN:34,(anonymous_1)
FN:75,(anonymous_2)
FN:108,(anonymous_3)
FNF:4
FNH:0
FNDA:0,(anonymous_0)
FNDA:0,(anonymous_1)
FNDA:0,(anonymous_2)
FNDA:0,(anonymous_3)
DA:3,0
DA:31,0
DA:35,0
DA:36,0
DA:37,0
DA:38,0
DA:39,0
DA:40,0
DA:41,0
DA:43,0
DA:44,0
DA:46,0
DA:47,0
DA:49,0
DA:50,0
DA:54,0
DA:55,0
DA:56,0
DA:58,0
DA:59,0
DA:61,0
DA:62,0
DA:64,0
DA:65,0
DA:66,0
DA:67,0
DA:68,0
DA:72,0
DA:76,0
DA:77,0
DA:78,0
DA:80,0
DA:86,0
DA:87,0
DA:89,0
DA:90,0
DA:92,0
DA:109,0
LF:38
LH:0
BRDA:5,0,0,0
BRDA:5,0,1,0
BRDA:6,1,0,0
BRDA:6,1,1,0
BRDA:7,2,0,0
BRDA:7,2,1,0
BRDA:10,3,0,0
BRDA:10,3,1,0
BRDA:11,4,0,0
BRDA:11,4,1,0
BRDA:12,5,0,0
BRDA:12,5,1,0
BRDA:17,6,0,0
BRDA:17,6,1,0
BRDA:18,7,0,0
BRDA:18,7,1,0
BRDA:21,8,0,0
BRDA:21,8,1,0
BRDA:22,9,0,0
BRDA:22,9,1,0
BRDA:23,10,0,0
BRDA:23,10,1,0
BRDA:26,11,0,0
BRDA:26,11,1,0
BRDA:27,12,0,0
BRDA:27,12,1,0
BRDA:28,13,0,0
BRDA:28,13,1,0
BRDA:35,14,0,0
BRDA:35,14,1,0
BRDA:36,15,0,0
BRDA:36,15,1,0
BRDA:37,16,0,0
BRDA:37,16,1,0
BRDA:38,17,0,0
BRDA:38,17,1,0
BRDA:39,18,0,0
BRDA:39,18,1,0
BRDA:40,19,0,0
BRDA:40,19,1,0
BRDA:43,20,0,0
BRDA:43,20,1,0
BRDA:46,21,0,0
BRDA:46,21,1,0
BRDA:49,22,0,0
BRDA:49,22,1,0
BRDA:50,23,0,0
BRDA:50,23,1,0
BRDA:54,24,0,0
BRDA:54,24,1,0
BRDA:55,25,0,0
BRDA:55,25,1,0
BRDA:58,26,0,0
BRDA:58,26,1,0
BRDA:61,27,0,0
BRDA:61,27,1,0
BRDA:64,28,0,0
BRDA:64,28,1,0
BRDA:65,29,0,0
BRDA:65,29,1,0
BRDA:66,30,0,0
BRDA:66,30,1,0
BRDA:67,31,0,0
BRDA:67,31,1,0
BRF:64
BRH:0
end_of_record
TN:
SF:src\services\storageService.js
FN:5,(anonymous_0)
FN:9,(anonymous_1)
FN:25,(anonymous_2)
FN:36,(anonymous_3)
FN:40,(anonymous_4)
FNF:5
FNH:0
FNDA:0,(anonymous_0)
FNDA:0,(anonymous_1)
FNDA:0,(anonymous_2)
FNDA:0,(anonymous_3)
FNDA:0,(anonymous_4)
DA:6,0
DA:10,0
DA:12,0
DA:13,0
DA:25,0
DA:26,0
DA:29,0
DA:31,0
DA:32,0
DA:37,0
DA:41,0
DA:42,0
DA:43,0
DA:44,0
DA:47,0
DA:48,0
DA:50,0
DA:51,0
LF:18
LH:0
BRDA:43,0,0,0
BRDA:43,0,1,0
BRDA:43,1,0,0
BRDA:43,1,1,0
BRF:4
BRH:0
end_of_record
TN:
SF:src\services\userService.js
FN:5,(anonymous_0)
FN:45,(anonymous_1)
FN:53,(anonymous_2)
FN:71,(anonymous_3)
FN:80,(anonymous_4)
FN:100,(anonymous_5)
FN:110,(anonymous_6)
FNF:7
FNH:0
FNDA:0,(anonymous_0)
FNDA:0,(anonymous_1)
FNDA:0,(anonymous_2)
FNDA:0,(anonymous_3)
FNDA:0,(anonymous_4)
FNDA:0,(anonymous_5)
FNDA:0,(anonymous_6)
DA:6,0
DA:8,0
DA:9,0
DA:10,0
DA:16,0
DA:17,0
DA:19,0
DA:20,0
DA:23,0
DA:24,0
DA:34,0
DA:46,0
DA:47,0
DA:48,0
DA:50,0
DA:54,0
DA:56,0
DA:57,0
DA:58,0
DA:61,0
DA:62,0
DA:63,0
DA:64,0
DA:65,0
DA:67,0
DA:68,0
DA:72,0
DA:73,0
DA:74,0
DA:76,0
DA:77,0
DA:81,0
DA:83,0
DA:84,0
DA:85,0
DA:88,0
DA:96,0
DA:97,0
DA:101,0
DA:102,0
DA:103,0
DA:105,0
DA:106,0
DA:107,0
DA:111,0
DA:117,0
LF:46
LH:0
BRDA:5,0,0,0
BRDA:6,1,0,0
BRDA:6,2,0,0
BRDA:9,3,0,0
BRDA:9,3,1,0
BRDA:16,4,0,0
BRDA:16,4,1,0
BRDA:19,5,0,0
BRDA:19,5,1,0
BRDA:47,6,0,0
BRDA:47,6,1,0
BRDA:57,7,0,0
BRDA:57,7,1,0
BRDA:61,8,0,0
BRDA:61,8,1,0
BRDA:62,9,0,0
BRDA:62,9,1,0
BRDA:63,10,0,0
BRDA:63,10,1,0
BRDA:64,11,0,0
BRDA:64,11,1,0
BRDA:65,12,0,0
BRDA:65,12,1,0
BRDA:73,13,0,0
BRDA:73,13,1,0
BRDA:84,14,0,0
BRDA:84,14,1,0
BRDA:91,15,0,0
BRDA:91,15,1,0
BRDA:102,16,0,0
BRDA:102,16,1,0
BRF:31
BRH:0
end_of_record
TN:
SF:src\services\langchain\sentimentManager.js
FN:17,(anonymous_0)
FN:53,(anonymous_1)
FN:62,(anonymous_2)
FN:131,(anonymous_3)
FN:218,(anonymous_4)
FN:249,(anonymous_5)
FN:291,(anonymous_6)
FN:326,(anonymous_7)
FN:381,(anonymous_8)
FN:422,(anonymous_9)
FN:423,(anonymous_10)
FN:436,(anonymous_11)
FN:475,(anonymous_12)
FN:485,(anonymous_13)
FN:488,(anonymous_14)
FN:490,(anonymous_15)
FN:509,(anonymous_16)
FN:534,(anonymous_17)
FN:539,(anonymous_18)
FN:540,(anonymous_19)
FN:541,(anonymous_20)
FN:546,(anonymous_21)
FN:547,(anonymous_22)
FNF:23
FNH:5
FNDA:1,(anonymous_0)
FNDA:0,(anonymous_1)
FNDA:0,(anonymous_2)
FNDA:1,(anonymous_3)
FNDA:0,(anonymous_4)
FNDA:0,(anonymous_5)
FNDA:0,(anonymous_6)
FNDA:0,(anonymous_7)
FNDA:0,(anonymous_8)
FNDA:1,(anonymous_9)
FNDA:4,(anonymous_10)
FNDA:0,(anonymous_11)
FNDA:1,(anonymous_12)
FNDA:0,(anonymous_13)
FNDA:0,(anonymous_14)
FNDA:0,(anonymous_15)
FNDA:0,(anonymous_16)
FNDA:0,(anonymous_17)
FNDA:0,(anonymous_18)
FNDA:0,(anonymous_19)
FNDA:0,(anonymous_20)
FNDA:0,(anonymous_21)
FNDA:0,(anonymous_22)
DA:18,1
DA:21,1
DA:41,1
DA:54,0
DA:55,0
DA:56,0
DA:57,0
DA:61,0
DA:62,0
DA:66,0
DA:67,0
DA:68,0
DA:69,0
DA:73,0
DA:75,0
DA:99,0
DA:100,0
DA:104,0
DA:105,0
DA:108,0
DA:109,0
DA:111,0
DA:114,0
DA:116,0
DA:117,0
DA:132,1
DA:134,1
DA:137,1
DA:147,1
DA:150,1
DA:151,1
DA:154,1
DA:157,1
DA:171,1
DA:192,0
DA:193,0
DA:197,0
DA:199,0
DA:201,0
DA:203,1
DA:204,1
DA:219,0
DA:221,0
DA:224,0
DA:227,0
DA:230,0
DA:232,0
DA:239,0
DA:240,0
DA:250,0
DA:251,0
DA:252,0
DA:256,0
DA:263,0
DA:269,0
DA:272,0
DA:273,0
DA:274,0
DA:277,0
DA:279,0
DA:280,0
DA:292,0
DA:294,0
DA:295,0
DA:299,0
DA:300,0
DA:304,0
DA:305,0
DA:306,0
DA:307,0
DA:308,0
DA:309,0
DA:311,0
DA:314,0
DA:316,0
DA:317,0
DA:327,0
DA:328,0
DA:329,0
DA:333,0
DA:334,0
DA:337,0
DA:339,0
DA:340,0
DA:343,0
DA:344,0
DA:347,0
DA:348,0
DA:352,0
DA:353,0
DA:354,0
DA:356,0
DA:357,0
DA:358,0
DA:361,0
DA:362,0
DA:368,0
DA:370,0
DA:371,0
DA:382,0
DA:384,0
DA:385,0
DA:387,0
DA:388,0
DA:391,0
DA:392,0
DA:395,0
DA:397,0
DA:398,0
DA:399,0
DA:400,0
DA:401,0
DA:402,0
DA:403,0
DA:404,0
DA:405,0
DA:406,0
DA:410,0
DA:412,0
DA:413,0
DA:423,1
DA:424,4
DA:425,4
DA:437,0
DA:438,0
DA:440,0
DA:441,0
DA:444,0
DA:445,0
DA:448,0
DA:449,0
DA:452,0
DA:453,0
DA:456,0
DA:457,0
DA:460,0
DA:461,0
DA:463,0
DA:465,0
DA:466,0
DA:476,1
DA:486,0
DA:487,0
DA:489,0
DA:490,0
DA:497,0
DA:499,0
DA:500,0
DA:510,0
DA:511,0
DA:512,0
DA:513,0
DA:521,0
DA:522,0
DA:524,0
DA:525,0
DA:534,0
DA:535,0
DA:538,0
DA:539,0
DA:540,0
DA:541,0
DA:545,0
DA:546,0
DA:547,0
DA:549,0
DA:556,0
DA:557,0
LF:168
LH:18
BRDA:56,0,0,0
BRDA:56,0,1,0
BRDA:66,1,0,0
BRDA:66,1,1,0
BRDA:68,2,0,0
BRDA:68,2,1,0
BRDA:73,3,0,0
BRDA:73,3,1,0
BRDA:99,4,0,0
BRDA:99,4,1,0
BRDA:104,5,0,0
BRDA:104,5,1,0
BRDA:131,6,0,0
BRDA:140,7,0,1
BRDA:140,7,1,0
BRDA:141,8,0,1
BRDA:141,8,1,0
BRDA:142,9,0,1
BRDA:142,9,1,1
BRDA:143,10,0,1
BRDA:143,10,1,0
BRDA:180,11,0,1
BRDA:180,11,1,0
BRDA:192,12,0,0
BRDA:192,12,1,0
BRDA:218,13,0,0
BRDA:218,14,0,0
BRDA:221,15,0,0
BRDA:221,15,1,0
BRDA:251,16,0,0
BRDA:251,16,1,0
BRDA:251,17,0,0
BRDA:251,17,1,0
BRDA:272,18,0,0
BRDA:272,18,1,0
BRDA:291,19,0,0
BRDA:294,20,0,0
BRDA:294,20,1,0
BRDA:304,21,0,0
BRDA:304,21,1,0
BRDA:306,22,0,0
BRDA:306,22,1,0
BRDA:308,23,0,0
BRDA:308,23,1,0
BRDA:328,24,0,0
BRDA:328,24,1,0
BRDA:328,25,0,0
BRDA:328,25,1,0
BRDA:339,26,0,0
BRDA:339,26,1,0
BRDA:343,27,0,0
BRDA:343,27,1,0
BRDA:347,28,0,0
BRDA:347,28,1,0
BRDA:352,29,0,0
BRDA:352,29,1,0
BRDA:356,30,0,0
BRDA:356,30,1,0
BRDA:356,31,0,0
BRDA:356,31,1,0
BRDA:357,32,0,0
BRDA:357,32,1,0
BRDA:358,33,0,0
BRDA:358,33,1,0
BRDA:361,34,0,0
BRDA:361,34,1,0
BRDA:361,35,0,0
BRDA:361,35,1,0
BRDA:387,36,0,0
BRDA:387,36,1,0
BRDA:397,37,0,0
BRDA:397,37,1,0
BRDA:399,38,0,0
BRDA:399,38,1,0
BRDA:401,39,0,0
BRDA:401,39,1,0
BRDA:403,40,0,0
BRDA:403,40,1,0
BRDA:405,41,0,0
BRDA:405,41,1,0
BRDA:424,42,0,4
BRDA:424,42,1,1
BRDA:436,43,0,0
BRDA:440,44,0,0
BRDA:440,44,1,0
BRDA:441,45,0,0
BRDA:441,45,1,0
BRDA:444,46,0,0
BRDA:444,46,1,0
BRDA:448,47,0,0
BRDA:448,47,1,0
BRDA:452,48,0,0
BRDA:452,48,1,0
BRDA:456,49,0,0
BRDA:456,49,1,0
BRDA:460,50,0,0
BRDA:460,50,1,0
BRDA:460,51,0,0
BRDA:460,51,1,0
BRDA:512,52,0,0
BRDA:512,52,1,0
BRDA:512,53,0,0
BRDA:512,53,1,0
BRDA:524,54,0,0
BRDA:524,54,1,0
BRDA:540,55,0,0
BRDA:540,55,1,0
BRF:107
BRH:8
end_of_record
TN:
SF:src\utils\llmClient.js
FN:22,(anonymous_0)
FN:45,(anonymous_1)
FN:67,(anonymous_2)
FN:94,(anonymous_3)
FN:95,(anonymous_4)
FN:96,(anonymous_5)
FN:109,(anonymous_6)
FN:126,(anonymous_7)
FN:140,(anonymous_8)
FN:155,(anonymous_9)
FN:164,(anonymous_10)
FN:176,(anonymous_11)
FNF:12
FNH:2
FNDA:1,(anonymous_0)
FNDA:0,(anonymous_1)
FNDA:0,(anonymous_2)
FNDA:0,(anonymous_3)
FNDA:0,(anonymous_4)
FNDA:0,(anonymous_5)
FNDA:0,(anonymous_6)
FNDA:0,(anonymous_7)
FNDA:0,(anonymous_8)
FNDA:0,(anonymous_9)
FNDA:0,(anonymous_10)
FNDA:1,(anonymous_11)
DA:23,1
DA:24,1
DA:25,1
DA:26,1
DA:29,1
DA:46,0
DA:47,0
DA:53,0
DA:55,0
DA:56,0
DA:68,0
DA:69,0
DA:70,0
DA:72,0
DA:73,0
DA:74,0
DA:76,0
DA:77,0
DA:81,0
DA:83,0
DA:84,0
DA:95,0
DA:96,0
DA:97,0
DA:98,0
DA:102,0
DA:110,0
DA:111,0
DA:115,0
DA:117,0
DA:118,0
DA:127,0
DA:141,0
DA:142,0
DA:156,0
DA:164,1
DA:165,0
DA:176,1
DA:177,1
LF:39
LH:8
BRDA:22,0,0,0
BRDA:22,1,0,0
BRDA:24,2,0,1
BRDA:24,2,1,1
BRDA:24,2,2,1
BRDA:25,3,0,1
BRDA:25,3,1,0
BRDA:26,4,0,1
BRDA:26,4,1,0
BRDA:32,5,0,1
BRDA:32,5,1,0
BRDA:45,6,0,0
BRDA:67,7,0,0
BRDA:73,8,0,0
BRDA:73,8,1,0
BRDA:76,9,0,0
BRDA:76,9,1,0
BRDA:76,10,0,0
BRDA:76,10,1,0
BRDA:94,11,0,0
BRDA:115,12,0,0
BRDA:115,12,1,0
BRF:22
BRH:6
end_of_record
TN:
SF:src\utils\response.js
FN:1,(anonymous_0)
FN:9,(anonymous_1)
FNF:2
FNH:0
FNDA:0,(anonymous_0)
FNDA:0,(anonymous_1)
DA:1,0
DA:2,0
DA:9,0
DA:10,0
LF:4
LH:0
BRDA:1,0,0,0
BRDA:1,1,0,0
BRDA:1,2,0,0
BRDA:9,3,0,0
BRDA:9,4,0,0
BRDA:9,5,0,0
BRF:6
BRH:0
end_of_record
